<?xml version="1.0" encoding="UTF-8"?>
<testsuite name="com.jpmorgan.stronghold.controller.MainControllerTest" tests="7" skipped="0" failures="0" errors="0" timestamp="2025-02-26T13:45:17" hostname="Gavins-MBP" time="0.496">
  <properties/>
  <testcase name="verify user code returns success response when verified()" classname="com.jpmorgan.stronghold.controller.MainControllerTest" time="0.317"/>
  <testcase name="store payload succeeds for verified session()" classname="com.jpmorgan.stronghold.controller.MainControllerTest" time="0.022"/>
  <testcase name="delete session returns success response()" classname="com.jpmorgan.stronghold.controller.MainControllerTest" time="0.022"/>
  <testcase name="store payload fails with 400 when code not verified()" classname="com.jpmorgan.stronghold.controller.MainControllerTest" time="0.027"/>
  <testcase name="get user code options returns options for PIN_2D session()" classname="com.jpmorgan.stronghold.controller.MainControllerTest" time="0.035"/>
  <testcase name="get user code options returns 400 for non-PIN_2D session()" classname="com.jpmorgan.stronghold.controller.MainControllerTest" time="0.015"/>
  <testcase name="start session returns session info with verification status()" classname="com.jpmorgan.stronghold.controller.MainControllerTest" time="0.045"/>
  <system-out><![CDATA[08:45:13.396 [Test worker] INFO org.springframework.test.context.support.AnnotationConfigContextLoaderUtils -- Could not detect default configuration classes for test class [com.jpmorgan.stronghold.controller.MainControllerTest]: MainControllerTest does not declare any static, non-private, non-final, nested classes annotated with @Configuration.
08:45:13.658 [Test worker] INFO org.springframework.boot.test.context.SpringBootTestContextBootstrapper -- Found @SpringBootConfiguration com.jpmorgan.stronghold.StrongholdApplication for test class com.jpmorgan.stronghold.controller.MainControllerTest

  .   ____          _            __ _ _
 /\\ / ___'_ __ _ _(_)_ __  __ _ \ \ \ \
( ( )\___ | '_ | '_| | '_ \/ _` | \ \ \ \
 \\/  ___)| |_)| | | | | || (_| |  ) ) ) )
  '  |____| .__|_| |_|_| |_\__, | / / / /
 =========|_|==============|___/=/_/_/_/
 :: Spring Boot ::                (v3.2.3)

2025-02-26T08:45:14.062-05:00  INFO 38511 --- [    Test worker] c.j.s.controller.MainControllerTest      : Starting MainControllerTest using Java 17.0.10 with PID 38511 (started by gavin in /Users/gavin/Library/CloudStorage/OneDrive-Personal/dev/jpmc/StrongholdWeb)
2025-02-26T08:45:14.063-05:00  INFO 38511 --- [    Test worker] c.j.s.controller.MainControllerTest      : The following 1 profile is active: "test"
2025-02-26T08:45:16.211-05:00  WARN 38511 --- [    Test worker] .s.s.UserDetailsServiceAutoConfiguration : 

Using generated security password: deb9f713-50db-4038-a5d9-cc6ffbffd9a2

This generated password is for development use only. Your security configuration must be updated before running your application in production.

2025-02-26T08:45:17.452-05:00  INFO 38511 --- [    Test worker] o.s.s.web.DefaultSecurityFilterChain     : Will secure any request with [org.springframework.security.web.session.DisableEncodeUrlFilter@ed6d97f, org.springframework.security.web.context.request.async.WebAsyncManagerIntegrationFilter@45cfbfe9, org.springframework.security.web.context.SecurityContextHolderFilter@20983174, org.springframework.security.web.header.HeaderWriterFilter@37445c57, org.springframework.web.filter.CorsFilter@13dff835, org.springframework.security.web.authentication.logout.LogoutFilter@253cbe79, org.springframework.security.web.savedrequest.RequestCacheAwareFilter@6f1720f8, org.springframework.security.web.servletapi.SecurityContextHolderAwareRequestFilter@27de073b, org.springframework.security.web.authentication.AnonymousAuthenticationFilter@7682b160, org.springframework.security.web.access.ExceptionTranslationFilter@7de922ba, org.springframework.security.web.access.intercept.AuthorizationFilter@4b9fd79]
2025-02-26T08:45:17.650-05:00  INFO 38511 --- [    Test worker] o.s.b.t.m.w.SpringBootMockServletContext : Initializing Spring TestDispatcherServlet ''
2025-02-26T08:45:17.650-05:00  INFO 38511 --- [    Test worker] o.s.t.web.servlet.TestDispatcherServlet  : Initializing Servlet ''
2025-02-26T08:45:17.652-05:00  INFO 38511 --- [    Test worker] o.s.t.web.servlet.TestDispatcherServlet  : Completed initialization in 1 ms
2025-02-26T08:45:17.681-05:00  INFO 38511 --- [    Test worker] c.j.s.controller.MainControllerTest      : Started MainControllerTest in 3.943 seconds (process running for 5.737)
]]></system-out>
  <system-err><![CDATA[]]></system-err>
</testsuite>
