<?xml version="1.0" encoding="UTF-8"?>
<testsuite name="com.jpmorgan.stronghold.service.SessionServiceTest" tests="9" skipped="0" failures="0" errors="0" timestamp="2025-02-26T13:45:18" hostname="Gavins-MBP" time="0.3">
  <properties/>
  <testcase name="getUserCodeOptions fails for non-PIN_2D session()" classname="com.jpmorgan.stronghold.service.SessionServiceTest" time="0.183"/>
  <testcase name="deleteSession removes session()" classname="com.jpmorgan.stronghold.service.SessionServiceTest" time="0.007"/>
  <testcase name="verifyUserCode fails with incorrect code()" classname="com.jpmorgan.stronghold.service.SessionServiceTest" time="0.07"/>
  <testcase name="storeSignedPayload fails for unverified PIN_2D session()" classname="com.jpmorgan.stronghold.service.SessionServiceTest" time="0.002"/>
  <testcase name="storeSignedPayload succeeds for verified PIN_2D session()" classname="com.jpmorgan.stronghold.service.SessionServiceTest" time="0.007"/>
  <testcase name="storeSignedPayload succeeds for SILENT auth type without verification()" classname="com.jpmorgan.stronghold.service.SessionServiceTest" time="0.002"/>
  <testcase name="startSession creates session with correct verification status()" classname="com.jpmorgan.stronghold.service.SessionServiceTest" time="0.008"/>
  <testcase name="getUserCodeOptions returns three unique 2-digit codes for PIN_2D session()" classname="com.jpmorgan.stronghold.service.SessionServiceTest" time="0.012"/>
  <testcase name="verifyUserCode updates verification status when correct()" classname="com.jpmorgan.stronghold.service.SessionServiceTest" time="0.002"/>
  <system-out><![CDATA[2025-02-26T08:45:18.394-05:00  INFO 38511 --- [    Test worker] c.j.stronghold.service.SessionService    : User code verification failed for session: test-session
2025-02-26T08:45:18.457-05:00  INFO 38511 --- [    Test worker] c.j.stronghold.service.SessionService    : Storing signed payload for session: test-session
2025-02-26T08:45:18.462-05:00  INFO 38511 --- [    Test worker] c.j.stronghold.service.SessionService    : Storing signed payload for session: test-session
2025-02-26T08:45:18.463-05:00  INFO 38511 --- [    Test worker] c.j.stronghold.service.SessionService    : Successfully stored signed payload for session: test-session
2025-02-26T08:45:18.468-05:00  INFO 38511 --- [    Test worker] c.j.stronghold.service.SessionService    : Storing signed payload for session: test-session
2025-02-26T08:45:18.469-05:00  INFO 38511 --- [    Test worker] c.j.stronghold.service.SessionService    : Successfully stored signed payload for session: test-session
2025-02-26T08:45:18.476-05:00  INFO 38511 --- [    Test worker] c.j.stronghold.service.SessionService    : Creating new session: id=8f4ff9b7-5edd-4126-844c-07f5c0a962ed, subjectId=user123, type=PIN_2D
2025-02-26T08:45:18.476-05:00  INFO 38511 --- [    Test worker] c.j.stronghold.service.SessionService    : Successfully saved session: 8f4ff9b7-5edd-4126-844c-07f5c0a962ed
2025-02-26T08:45:18.493-05:00  INFO 38511 --- [    Test worker] c.j.stronghold.service.SessionService    : User code verified successfully for session: test-session
]]></system-out>
  <system-err><![CDATA[]]></system-err>
</testsuite>
